GroupChatApp-master/build/app/outputs/mapping/release/mapping.txt
# compiler: R8
# compiler_version: 1.5.64
# min_api: 21
# pg_map_id: f2f050d
...
com.google.android.gms.measurement.internal.zzfq -> com.google.android.gms.measurement.internal.w4:
    java.lang.String zza -> a
    boolean zzb -> b
    com.google.android.gms.measurement.internal.zzfo zze -> e
    boolean zzc -> c
    boolean zzd -> d
    void zza(boolean) -> a
    boolean zza() -> a
com.google.android.gms.measurement.internal.zzfr -> com.google.android.gms.measurement.internal.x4:
    java.lang.String zza -> a
    com.google.android.gms.measurement.internal.zzfo zze -> d
    java.lang.String zzd -> c
    boolean zzc -> b
    java.lang.String zza() -> a
    void zza(java.lang.String) -> a
com.google.android.gms.measurement.internal.zzfs -> com.google.android.gms.measurement.internal.y4:
    java.lang.String zza -> a
    long zzd -> d
    java.lang.String zzc -> c
    java.lang.String zzb -> b
    com.google.android.gms.measurement.internal.zzfo zze -> e
    android.util.Pair zza() -> a
    void zza(java.lang.String,long) -> a
    void zzb() -> b
    long zzc() -> c
com.google.android.gms.measurement.internal.zzft -> com.google.android.gms.measurement.internal.z4:
    com.google.android.gms.measurement.internal.zzfu zza -> b
    java.lang.String zzb -> a
    java.lang.String zza(com.google.android.gms.measurement.internal.zzft) -> a
com.google.android.gms.measurement.internal.zzfu -> com.google.android.gms.measurement.internal.a5:
    com.google.android.gms.measurement.internal.zzgf zza -> a
    android.os.Bundle zza(java.lang.String,com.google.android.gms.internal.measurement.zzd) -> a
    void zza() -> a
    void zza(java.lang.String) -> a
    boolean zzb() -> b
com.google.android.gms.measurement.internal.zzfv -> com.google.android.gms.measurement.internal.b5:
    com.google.android.gms.measurement.internal.zzga zza -> a
    void zza(android.content.Context,android.content.Intent) -> a
    boolean zza(android.content.Context) -> a
com.google.android.gms.measurement.internal.zzfw -> com.google.android.gms.measurement.internal.c5:
    com.google.android.gms.measurement.internal.zzft zzc -> f
    com.google.android.gms.internal.measurement.zzd zza -> d
    android.content.ServiceConnection zzb -> e
com.google.android.gms.measurement.internal.zzfx -> com.google.android.gms.measurement.internal.d5:
    com.google.android.gms.measurement.internal.zzgf zza -> d
    long zzb -> e
    android.os.Bundle zzc -> f
    com.google.android.gms.measurement.internal.zzfb zze -> h
    android.content.BroadcastReceiver$PendingResult zzf -> i
    android.content.Context zzd -> g
com.google.android.gms.measurement.internal.zzfy -> com.google.android.gms.measurement.internal.e5:
    com.google.android.gms.measurement.internal.zzgf zza -> d
    com.google.android.gms.measurement.internal.zzfb zzb -> e